<?xml version="1.0" encoding="UTF-8"?>
<testsuite xmlns:xsi="http://www.w3.org/2001/XMLSchema-instance" xsi:noNamespaceSchemaLocation="https://maven.apache.org/surefire/maven-surefire-plugin/xsd/surefire-test-report.xsd" name="com.stulsoft.rxjava.generator.ObservableIntGeneratorTest" time="10.744" tests="5" errors="0" skipped="0" failures="0">
  <properties>
[...]
</properties>
  <testcase name="generateAsyncWithDisposeAtEnd" classname="com.stulsoft.rxjava.generator.ObservableIntGeneratorTest" time="2.557"/>
  <testcase name="generateAsyncWithDispose" classname="com.stulsoft.rxjava.generator.ObservableIntGeneratorTest" time="5.59"/>
  <testcase name="generateAsync" classname="com.stulsoft.rxjava.generator.ObservableIntGeneratorTest" time="2.514"/>
  <testcase name="generateTest2" classname="com.stulsoft.rxjava.generator.ObservableIntGeneratorTest" time="0.035"/>
  <testcase name="generate" classname="com.stulsoft.rxjava.generator.ObservableIntGeneratorTest" time="0.042"/>
</testsuite>