<?xml version="1.0" encoding="UTF-8"?>
<testsuite xmlns:xsi="http://www.w3.org/2001/XMLSchema-instance" xsi:noNamespaceSchemaLocation="https://maven.apache.org/surefire/maven-surefire-plugin/xsd/surefire-test-report.xsd" name="com.stulsoft.rxjava.generator.FlowableIntGeneratorTest" time="11.278" tests="5" errors="0" skipped="0" failures="0">
  <properties>
[...]
</properties>
  <testcase name="generate2" classname="com.stulsoft.rxjava.generator.FlowableIntGeneratorTest" time="0.593"/>
  <testcase name="generateAsyncWithDisposeAtEnd" classname="com.stulsoft.rxjava.generator.FlowableIntGeneratorTest" time="2.512"/>
  <testcase name="generateAsyncWithDispose" classname="com.stulsoft.rxjava.generator.FlowableIntGeneratorTest" time="5.603"/>
  <testcase name="generateAsync" classname="com.stulsoft.rxjava.generator.FlowableIntGeneratorTest" time="2.523"/>
  <testcase name="generate" classname="com.stulsoft.rxjava.generator.FlowableIntGeneratorTest" time="0.038"/>
</testsuite>